2019-11-07 11:50:36|   0.0|  0.0|INFORM|FME 2019.0.1.0 (20190506 - Build 19253 - macosx)
2019-11-07 11:50:36|   0.0|  0.0|INFORM|FME_HOME is '/Library/FME/2019.0/'
2019-11-07 11:50:36|   0.0|  0.0|INFORM|FME Home Edition (node locked-crc)
2019-11-07 11:50:36|   0.0|  0.0|INFORM|Serial Number: 0
2019-11-07 11:50:36|   0.0|  0.0|INFORM|Temporary License: 206 days left.
2019-11-07 11:50:36|   0.0|  0.0|INFORM|Machine host name is: Marks-MacBook-Pro.local
2019-11-07 11:50:36|   0.0|  0.0|INFORM|START - ProcessID: 13226, peak process memory usage: 68620 kB, current process memory usage: 68620 kB
2019-11-07 11:50:36|   0.0|  0.0|INFORM|FME Configuration: Command line arguments are `/Library/FME/2019.0//bin/fme' `/Users/mlinnane/Documents/repos/BCD-Interactive-City-Scale-Models/Cork/Fabrication/Sources/wb-xlate-1573127436349_13181' `LOG_STANDARDOUT' `YES' `LogCountServerName' `{be459ebb-7433-4030-82b1-c240c1a9f81e}'
2019-11-07 11:50:36|   0.0|  0.0|INFORM|FME Configuration: Connection Storage: '/Users/mlinnane/Library/Caches/Safe Software/FME/'
2019-11-07 11:50:36|   0.1|  0.1|INFORM|Shared folders for formats are : /Library/FME/2019.0/datasources;/Users/mlinnane/Library/Application Support/FME/Formats
2019-11-07 11:50:36|   0.1|  0.0|INFORM|Shared folders for transformers are : /Users/mlinnane/Library/Caches/Safe Software/FME/Packages/19253-macosx/transformers;/Library/FME/2019.0/transformers;/Users/mlinnane/Library/Caches/Safe Software/FME/FME Store/Transformers
2019-11-07 11:50:36|   0.1|  0.0|INFORM|Shared folders for coordinate systems are : /Users/mlinnane/Library/Application Support/FME/CoordinateSystems
2019-11-07 11:50:36|   0.1|  0.0|INFORM|Shared folders for coordinate system exceptions are : /Users/mlinnane/Library/Application Support/FME/CoordinateSystemExceptions
2019-11-07 11:50:36|   0.1|  0.0|INFORM|Shared folders for coordinate system grid overrides are : /Users/mlinnane/Library/Application Support/FME/CoordinateSystemGridOverrides
2019-11-07 11:50:36|   0.1|  0.0|INFORM|Shared folders for CS-MAP transformation exceptions are : /Users/mlinnane/Library/Application Support/FME/CsmapTransformationExceptions
2019-11-07 11:50:36|   0.1|  0.0|INFORM|Shared folders for transformer categories are : /Users/mlinnane/Library/Application Support/FME/TransformerCategories
2019-11-07 11:50:36|   0.1|  0.0|INFORM|Mapping File Identifier is: OSiDataTo3D
2019-11-07 11:50:36|   0.1|  0.0|INFORM|FME Configuration: Reader Keyword is `MULTI_READER'
2019-11-07 11:50:36|   0.1|  0.0|INFORM|FME Configuration: Writer Keyword is `MULTI_WRITER'
2019-11-07 11:50:36|   0.1|  0.0|INFORM|FME Configuration: Writer Group Definition Keyword is `MULTI_WRITER_DEF'
2019-11-07 11:50:36|   0.1|  0.0|INFORM|FME Configuration: Reader type is `MULTI_READER'
2019-11-07 11:50:36|   0.1|  0.0|INFORM|FME Configuration: Writer type is `MULTI_WRITER'
2019-11-07 11:50:36|   0.1|  0.0|INFORM|FME Configuration: No destination coordinate system set
2019-11-07 11:50:36|   0.1|  0.0|INFORM|FME Configuration: Current working folder is `/Users/mlinnane/Documents/repos/BCD-Interactive-City-Scale-Models/Cork/Fabrication/Sources'
2019-11-07 11:50:36|   0.1|  0.0|INFORM|FME Configuration: Temporary folder is in the system location `/private/tmp'
2019-11-07 11:50:36|   0.1|  0.0|INFORM|FME Configuration: FME_HOME is `/Library/FME/2019.0/'
2019-11-07 11:50:36|   0.1|  0.0|INFORM|FME Configuration: FME_BASE is 'no'
2019-11-07 11:50:36|   0.1|  0.0|INFORM|FME Configuration: FME_MF_DIR is '/Users/mlinnane/Documents/repos/BCD-Interactive-City-Scale-Models/Cork/Fabrication/Sources/'
2019-11-07 11:50:36|   0.1|  0.0|INFORM|FME Configuration: FME_MF_NAME is 'Cork Fabrication Data Manager.fmw'
2019-11-07 11:50:36|   0.1|  0.0|INFORM|FME Configuration: FME_PRODUCT_NAME is 'FME(R) 2019.0.1.0'
2019-11-07 11:50:36|   0.1|  0.0|INFORM|System Status: 9.61 TB of disk space available in the FME temporary folder (/private/tmp)
2019-11-07 11:50:36|   0.1|  0.0|INFORM|System Status: 17.00 GB of virtual memory available
2019-11-07 11:50:36|   0.1|  0.0|INFORM|Operating System: Mac OS X Version 10.14.6 (Build 18G103)
2019-11-07 11:50:36|   0.1|  0.0|INFORM|FME Platform: macosx
2019-11-07 11:50:36|   0.1|  0.0|INFORM|Locale: en_GB
2019-11-07 11:50:36|   0.1|  0.0|INFORM|FME Configuration: Process limit is 16.00 GB of physical memory
2019-11-07 11:50:36|   0.1|  0.0|INFORM|FME Configuration: Start freeing memory when process usage exceeds 15.83 GB of virtual memory
2019-11-07 11:50:36|   0.1|  0.0|INFORM|FME Configuration: Stop freeing memory when process usage is below 11.87 GB of virtual memory
2019-11-07 11:50:36|   0.1|  0.0|INFORM|Creating writer for format: 
2019-11-07 11:50:36|   0.1|  0.0|INFORM|Creating reader for format: 
2019-11-07 11:50:36|   0.1|  0.0|INFORM|MULTI_READER(MULTI_READER): Will fail with first member reader failure
2019-11-07 11:50:36|   0.1|  0.0|INFORM|MULTI_READER(MULTI_READER): Adding LAS Reader with keyword LAS_1
2019-11-07 11:50:36|   0.1|  0.0|INFORM|Using Multi Reader with keyword `MULTI_READER' to read multiple datasets
2019-11-07 11:50:36|   0.1|  0.0|INFORM|FME Configuration: Reading 6 dataset(s) with LAS reader identified by LAS_1
2019-11-07 11:50:36|   0.1|  0.0|INFORM|Creating reader for format: ASPRS Lidar Data Exchange Format (LAS)
2019-11-07 11:50:36|   0.1|  0.0|INFORM|MULTI_READER(LAS_1): Will continue past member reader failures
2019-11-07 11:50:36|   0.1|  0.0|INFORM|MULTI_READER(LAS_1): Adding LAS Reader with keyword LAS_1
2019-11-07 11:50:36|   0.1|  0.0|INFORM|Using Multi Reader with keyword `LAS_1' to read multiple datasets
2019-11-07 11:50:36|   0.1|  0.0|INFORM|Creating reader for format: ASPRS Lidar Data Exchange Format (LAS)
2019-11-07 11:50:36|   0.1|  0.0|INFORM|Trying to find a DYNAMIC plugin for reader named `LAS'
2019-11-07 11:50:36|   0.1|  0.0|INFORM|DYLD_LIBRARY_PATH is '/Library/FME/2019.0/plugins'
2019-11-07 11:50:36|   0.2|  0.0|INFORM|Loaded module 'LAS' from file '/Library/FME/2019.0//plugins/lidar_fme.so'
2019-11-07 11:50:36|   0.2|  0.0|INFORM|FME API version of module 'LAS' matches current internal version (3.8 20181030)
2019-11-07 11:50:36|   0.2|  0.0|INFORM|Using MultiWriter with keyword `MULTI_WRITER' to output data (ID_ATTRIBUTE is `multi_writer_id')
2019-11-07 11:50:36|   0.2|  0.0|INFORM|Writer output will be ordered by value of multi_writer_id
2019-11-07 11:50:37|   0.2|  0.0|INFORM|Loaded module 'LogCount_func' from file '/Library/FME/2019.0//plugins/logcount_func.so'
2019-11-07 11:50:37|   0.2|  0.0|INFORM|FME API version of module 'LogCount_func' matches current internal version (3.8 20181030)
2019-11-07 11:50:37|   0.2|  0.0|STATS |Storing feature(s) to FME feature store file `/private/tmp/wb-cache-Cork Fabrication Data Manager-XtHLoN/Main_LAS -1 243 -1  0  b8b1d84c2aa220a3f95dafa05496aa6c2f33d6f5.ffsupdating'
2019-11-07 11:50:37|   0.2|  0.0|INFORM|FFS writer: Writing point cloud with 28846242 point(s) to file '/private/tmp/wb-cache-Cork Fabrication Data Manager-XtHLoN/Main_LAS -1 243 -1  0  b8b1d84c2aa220a3f95dafa05496aa6c2f33d6f5.fps'
2019-11-07 11:50:42|   2.7|  2.5|INFORM|FFS writer: 18510000 of 28846242 points written
2019-11-07 11:50:44|   4.0|  1.2|INFORM|FFS writer: 28846242 of 28846242 points written
2019-11-07 11:50:44|   4.0|  0.0|INFORM|Creating reader for format: ASPRS Lidar Data Exchange Format (LAS)
2019-11-07 11:50:44|   4.0|  0.0|INFORM|Trying to find a DYNAMIC plugin for reader named `LAS'
2019-11-07 11:50:44|   4.0|  0.0|INFORM|FME API version of module 'LAS' matches current internal version (3.8 20181030)
2019-11-07 11:50:44|   4.0|  0.0|INFORM|FFS writer: Writing point cloud with 22256090 point(s) to file '/private/tmp/wb-cache-Cork Fabrication Data Manager-XtHLoN/Main_LAS -1 243 -1  0  b8b1d84c2aa220a3f95dafa05496aa6c2f33d6f5_1.fps'
2019-11-07 11:50:49|   6.2|  2.2|INFORM|FFS writer: 17680000 of 22256090 points written
2019-11-07 11:50:50|   6.8|  0.6|INFORM|FFS writer: 22256090 of 22256090 points written
2019-11-07 11:50:50|   6.8|  0.0|INFORM|Creating reader for format: ASPRS Lidar Data Exchange Format (LAS)
2019-11-07 11:50:50|   6.8|  0.0|INFORM|Trying to find a DYNAMIC plugin for reader named `LAS'
2019-11-07 11:50:50|   6.8|  0.0|INFORM|FME API version of module 'LAS' matches current internal version (3.8 20181030)
2019-11-07 11:50:50|   6.8|  0.0|INFORM|FFS writer: Writing point cloud with 10694185 point(s) to file '/private/tmp/wb-cache-Cork Fabrication Data Manager-XtHLoN/Main_LAS -1 243 -1  0  b8b1d84c2aa220a3f95dafa05496aa6c2f33d6f5_2.fps'
2019-11-07 11:50:53|   8.2|  1.4|INFORM|Creating reader for format: ASPRS Lidar Data Exchange Format (LAS)
2019-11-07 11:50:53|   8.2|  0.0|INFORM|Trying to find a DYNAMIC plugin for reader named `LAS'
2019-11-07 11:50:53|   8.2|  0.0|INFORM|FME API version of module 'LAS' matches current internal version (3.8 20181030)
2019-11-07 11:50:53|   8.2|  0.0|INFORM|FFS writer: Writing point cloud with 23160578 point(s) to file '/private/tmp/wb-cache-Cork Fabrication Data Manager-XtHLoN/Main_LAS -1 243 -1  0  b8b1d84c2aa220a3f95dafa05496aa6c2f33d6f5_3.fps'
2019-11-07 11:50:58|  10.5|  2.3|INFORM|FFS writer: 20920000 of 23160578 points written
2019-11-07 11:50:58|  10.8|  0.3|INFORM|FFS writer: 23160578 of 23160578 points written
2019-11-07 11:50:58|  10.8|  0.0|INFORM|Creating reader for format: ASPRS Lidar Data Exchange Format (LAS)
2019-11-07 11:50:58|  10.8|  0.0|INFORM|Trying to find a DYNAMIC plugin for reader named `LAS'
2019-11-07 11:50:58|  10.8|  0.0|INFORM|FME API version of module 'LAS' matches current internal version (3.8 20181030)
2019-11-07 11:50:58|  10.8|  0.0|INFORM|FFS writer: Writing point cloud with 18655984 point(s) to file '/private/tmp/wb-cache-Cork Fabrication Data Manager-XtHLoN/Main_LAS -1 243 -1  0  b8b1d84c2aa220a3f95dafa05496aa6c2f33d6f5_4.fps'
2019-11-07 11:51:03|  12.8|  2.0|INFORM|FFS writer: 17690000 of 18655984 points written
2019-11-07 11:51:03|  12.9|  0.1|INFORM|FFS writer: 18655984 of 18655984 points written
2019-11-07 11:51:03|  12.9|  0.0|INFORM|Creating reader for format: ASPRS Lidar Data Exchange Format (LAS)
2019-11-07 11:51:03|  12.9|  0.0|INFORM|Trying to find a DYNAMIC plugin for reader named `LAS'
2019-11-07 11:51:03|  12.9|  0.0|INFORM|FME API version of module 'LAS' matches current internal version (3.8 20181030)
2019-11-07 11:51:03|  12.9|  0.0|INFORM|FFS writer: Writing point cloud with 8735656 point(s) to file '/private/tmp/wb-cache-Cork Fabrication Data Manager-XtHLoN/Main_LAS -1 243 -1  0  b8b1d84c2aa220a3f95dafa05496aa6c2f33d6f5_5.fps'
2019-11-07 11:51:05|  14.0|  1.1|INFORM|MULTI_READER(LAS_1): Done reading 6 features from 6 readers
2019-11-07 11:51:05|  14.0|  0.0|INFORM|MULTI_READER(MULTI_READER): Done reading 6 features from 1 readers
2019-11-07 11:51:05|  14.0|  0.0|INFORM|Emptying factory pipeline
2019-11-07 11:51:05|  14.0|  0.0|STATS |Router and Unexpected Input Remover (RoutingFactory): Tested 6 input feature(s), wrote 6 output feature(s): 6 matched merge filters, 6 were routed to output, 0 could not be routed.
2019-11-07 11:51:05|  14.0|  0.0|STATS |Unexpected Input Remover Nuker (TeeFactory): Cloned 0 input feature(s) into 0 output feature(s)
2019-11-07 11:51:05|  14.0|  0.0|STATS |Grid 400m2 (ESRISHAPE_5) Splitter (TeeFactory): Cloned 0 input feature(s) into 0 output feature(s)
2019-11-07 11:51:05|  14.0|  0.0|STATS |Tiles 120m2 (ESRISHAPE_3) Splitter (TeeFactory): Cloned 0 input feature(s) into 0 output feature(s)
2019-11-07 11:51:05|  14.0|  0.0|STATS |DLM_CORE_2019Q3_BUILDING_POLY (FILEGDB_2) Splitter (TeeFactory): Cloned 0 input feature(s) into 0 output feature(s)
2019-11-07 11:51:05|  14.0|  0.0|STATS |DLM_CORE_SITE_POLY (FILEGDB_2) Splitter (TeeFactory): Cloned 0 input feature(s) into 0 output feature(s)
2019-11-07 11:51:05|  14.0|  0.0|STATS |DLM_CORE_WATER_LINE (FILEGDB_2) Splitter (TeeFactory): Cloned 0 input feature(s) into 0 output feature(s)
2019-11-07 11:51:05|  14.0|  0.0|STATS |DLM_CORE_WAY_POLY (FILEGDB_2) Splitter (TeeFactory): Cloned 0 input feature(s) into 0 output feature(s)
2019-11-07 11:51:05|  14.0|  0.0|STATS |DLM_CORE_WATER_POLY (FILEGDB_2) Splitter (TeeFactory): Cloned 0 input feature(s) into 0 output feature(s)
2019-11-07 11:51:05|  14.0|  0.0|STATS |DLM_CORE_BUILDING_GROUP_POLY (FILEGDB_2) Splitter (TeeFactory): Cloned 0 input feature(s) into 0 output feature(s)
2019-11-07 11:51:05|  14.0|  0.0|STATS |DLM_CORE_ARTIFICIAL_POLY (FILEGDB_2) Splitter (TeeFactory): Cloned 0 input feature(s) into 0 output feature(s)
2019-11-07 11:51:05|  14.0|  0.0|STATS |DLM_CORE_STRUCTURE_POLY (FILEGDB_2) Splitter (TeeFactory): Cloned 0 input feature(s) into 0 output feature(s)
2019-11-07 11:51:05|  14.0|  0.0|STATS |DLM_CORE_RAIL_NETWORK_SEGMENT_LINE (FILEGDB_2) Splitter (TeeFactory): Cloned 0 input feature(s) into 0 output feature(s)
2019-11-07 11:51:05|  14.0|  0.0|STATS |DLM_CORE_VEGETATION_POLY (FILEGDB_2) Splitter (TeeFactory): Cloned 0 input feature(s) into 0 output feature(s)
2019-11-07 11:51:05|  14.0|  0.0|STATS |DLM_CORE_WAY_GDF2 (FILEGDB_2) Splitter (TeeFactory): Cloned 0 input feature(s) into 0 output feature(s)
2019-11-07 11:51:05|  14.0|  0.0|STATS |125m2 (ESRISHAPE_7) Splitter (TeeFactory): Cloned 0 input feature(s) into 0 output feature(s)
2019-11-07 11:51:05|  14.0|  0.0|STATS |250m2 (ESRISHAPE_8) Splitter (TeeFactory): Cloned 0 input feature(s) into 0 output feature(s)
2019-11-07 11:51:05|  14.0|  0.0|STATS |Grid 1km2 (ESRISHAPE_6) Splitter (TeeFactory): Cloned 0 input feature(s) into 0 output feature(s)
2019-11-07 11:51:05|  14.0|  0.0|STATS |Tiles 240m2 (ESRISHAPE_2) Splitter (TeeFactory): Cloned 0 input feature(s) into 0 output feature(s)
2019-11-07 11:51:05|  14.0|  0.0|STATS |BuildingFootprints (FILEGDB_1) Splitter (TeeFactory): Cloned 0 input feature(s) into 0 output feature(s)
2019-11-07 11:51:05|  14.0|  0.0|STATS |Tiles v0.4 (ESRISHAPE_1) Splitter (TeeFactory): Cloned 0 input feature(s) into 0 output feature(s)
2019-11-07 11:51:05|  14.0|  0.0|STATS |Grid 500m2 (ESRISHAPE_4) Splitter (TeeFactory): Cloned 0 input feature(s) into 0 output feature(s)
2019-11-07 11:51:05|  14.0|  0.0|STATS |Stored 6 feature(s) to FME feature store file `/private/tmp/wb-cache-Cork Fabrication Data Manager-XtHLoN/Main_LAS -1 243 -1  0  b8b1d84c2aa220a3f95dafa05496aa6c2f33d6f5.ffsupdating'
2019-11-07 11:51:05|  14.0|  0.0|INFORM|Saving spatial index into file '/private/tmp/wb-cache-Cork Fabrication Data Manager-XtHLoN/Main_LAS -1 243 -1  0  b8b1d84c2aa220a3f95dafa05496aa6c2f33d6f5.fsi'
2019-11-07 11:51:05|  14.0|  0.0|INFORM|Finished saving spatial index into file '/private/tmp/wb-cache-Cork Fabrication Data Manager-XtHLoN/Main_LAS -1 243 -1  0  b8b1d84c2aa220a3f95dafa05496aa6c2f33d6f5.fsi'
2019-11-07 11:51:05|  14.0|  0.0|STATS |LAS (LAS_1) Splitter (TeeFactory): Cloned 6 input feature(s) into 0 output feature(s)
2019-11-07 11:51:05|  14.0|  0.0|STATS |Destination Feature Type Routing Correlator (RoutingFactory): Tested 0 input feature(s), wrote 0 output feature(s): 0 matched merge filters, 0 were routed to output, 0 could not be routed.
2019-11-07 11:51:05|  14.0|  0.0|STATS |Final Output Nuker (TeeFactory): Cloned 0 input feature(s) into 0 output feature(s)
2019-11-07 11:51:05|  14.0|  0.0|STATS |=-=-=-=-=-=-=-=-=-=-=-=-=-=-=-=-=-=-=-=-=-=-=-=-=-=-=-=-=-=-=-=-=-=-=-=-=-=-=-
2019-11-07 11:51:05|  14.0|  0.0|STATS |                            Features Read Summary
2019-11-07 11:51:05|  14.0|  0.0|STATS |=-=-=-=-=-=-=-=-=-=-=-=-=-=-=-=-=-=-=-=-=-=-=-=-=-=-=-=-=-=-=-=-=-=-=-=-=-=-=-
2019-11-07 11:51:05|  14.0|  0.0|STATS |LAS                                                                          6
2019-11-07 11:51:05|  14.0|  0.0|STATS |==============================================================================
2019-11-07 11:51:05|  14.0|  0.0|STATS |Total Features Read                                                          6
2019-11-07 11:51:05|  14.0|  0.0|STATS |=-=-=-=-=-=-=-=-=-=-=-=-=-=-=-=-=-=-=-=-=-=-=-=-=-=-=-=-=-=-=-=-=-=-=-=-=-=-=-
2019-11-07 11:51:05|  14.0|  0.0|STATS |=-=-=-=-=-=-=-=-=-=-=-=-=-=-=-=-=-=-=-=-=-=-=-=-=-=-=-=-=-=-=-=-=-=-=-=-=-=-=-
2019-11-07 11:51:05|  14.0|  0.0|STATS |                           Features Written Summary
2019-11-07 11:51:05|  14.0|  0.0|STATS |=-=-=-=-=-=-=-=-=-=-=-=-=-=-=-=-=-=-=-=-=-=-=-=-=-=-=-=-=-=-=-=-=-=-=-=-=-=-=-
2019-11-07 11:51:05|  14.0|  0.0|STATS |==============================================================================
2019-11-07 11:51:05|  14.0|  0.0|STATS |Total Features Written                                                       0
2019-11-07 11:51:05|  14.0|  0.0|STATS |=-=-=-=-=-=-=-=-=-=-=-=-=-=-=-=-=-=-=-=-=-=-=-=-=-=-=-=-=-=-=-=-=-=-=-=-=-=-=-
2019-11-07 11:51:05|  14.0|  0.0|WARN  |-~-~-~-~-~-~-~-~-~-~-~-~-~-~-~-~-~-~-~-~-~-~-~-~-~-~-~-~-~-~-~-~-~-~-~-~-~-~-~-~-
2019-11-07 11:51:05|  14.0|  0.0|WARN  |-~                                                                             ~-
2019-11-07 11:51:05|  14.0|  0.0|WARN  |-~    Feature caches have been recorded at every stage of the translation.     ~-
2019-11-07 11:51:05|  14.0|  0.0|WARN  |-~                      To inspect the recorded features,                      ~-
2019-11-07 11:51:05|  14.0|  0.0|WARN  |-~              click the feature cache icons next to the ports.               ~-
2019-11-07 11:51:05|  14.0|  0.0|WARN  |-~                                                                             ~-
2019-11-07 11:51:05|  14.0|  0.0|WARN  |-~-~-~-~-~-~-~-~-~-~-~-~-~-~-~-~-~-~-~-~-~-~-~-~-~-~-~-~-~-~-~-~-~-~-~-~-~-~-~-~-
2019-11-07 11:51:05|  14.0|  0.0|INFORM|Translation was SUCCESSFUL with 7 warning(s) (0 feature(s) output)
2019-11-07 11:51:05|  14.0|  0.0|INFORM|FME Session Duration: 29.0 seconds. (CPU: 2.9s user, 11.1s system)
2019-11-07 11:51:05|  14.0|  0.0|INFORM|END - ProcessID: 13226, peak process memory usage: 76824 kB, current process memory usage: 76704 kB
