2019-06-28 15:31:05|   0.0|  0.0|INFORM|FME 2019.0.1.0 (20190506 - Build 19253 - macosx)
2019-06-28 15:31:05|   0.0|  0.0|INFORM|FME_HOME is '/Library/FME/2019.0/'
2019-06-28 15:31:05|   0.0|  0.0|INFORM|FME Home Edition (node locked-crc)
2019-06-28 15:31:05|   0.0|  0.0|INFORM|Serial Number: 0
2019-06-28 15:31:05|   0.0|  0.0|INFORM|Temporary License: 338 days left.
2019-06-28 15:31:05|   0.0|  0.0|INFORM|Machine host name is: Marks-MacBook-Pro.local
2019-06-28 15:31:05|   0.0|  0.0|INFORM|START - ProcessID: 25532, peak process memory usage: 68628 kB, current process memory usage: 68628 kB
2019-06-28 15:31:05|   0.0|  0.0|INFORM|FME Configuration: Command line arguments are `/Library/FME/2019.0//bin/fme' `/Users/mlinnane/Documents/GitHub/BCD-Architectural-Models/3D Print Data/wb-xlate-1561732264825_25508' `LOG_STANDARDOUT' `YES' `LogCountServerName' `{2698ed07-b717-4153-a067-0a2f3ecae4e3}'
2019-06-28 15:31:05|   0.0|  0.0|INFORM|FME Configuration: Connection Storage: '/Users/mlinnane/Library/Caches/Safe Software/FME/'
2019-06-28 15:31:05|   0.1|  0.0|INFORM|Shared folders for formats are : /Library/FME/2019.0/datasources;/Users/mlinnane/Library/Application Support/FME/Formats
2019-06-28 15:31:05|   0.1|  0.0|INFORM|Shared folders for transformers are : /Users/mlinnane/Library/Caches/Safe Software/FME/Packages/19253-macosx/transformers;/Library/FME/2019.0/transformers;/Users/mlinnane/Library/Caches/Safe Software/FME/FME Store/Transformers
2019-06-28 15:31:05|   0.1|  0.0|INFORM|Shared folders for coordinate systems are : /Users/mlinnane/Library/Application Support/FME/CoordinateSystems
2019-06-28 15:31:05|   0.1|  0.0|INFORM|Shared folders for coordinate system exceptions are : /Users/mlinnane/Library/Application Support/FME/CoordinateSystemExceptions
2019-06-28 15:31:05|   0.1|  0.0|INFORM|Shared folders for coordinate system grid overrides are : /Users/mlinnane/Library/Application Support/FME/CoordinateSystemGridOverrides
2019-06-28 15:31:05|   0.1|  0.0|INFORM|Shared folders for CS-MAP transformation exceptions are : /Users/mlinnane/Library/Application Support/FME/CsmapTransformationExceptions
2019-06-28 15:31:05|   0.1|  0.0|INFORM|Shared folders for transformer categories are : /Users/mlinnane/Library/Application Support/FME/TransformerCategories
2019-06-28 15:31:05|   0.1|  0.0|INFORM|Mapping File Identifier is: OSiDataTo3D
2019-06-28 15:31:05|   0.1|  0.0|INFORM|FME Configuration: Reader Keyword is `MULTI_READER'
2019-06-28 15:31:05|   0.1|  0.0|INFORM|FME Configuration: Writer Keyword is `MULTI_WRITER'
2019-06-28 15:31:05|   0.1|  0.0|INFORM|FME Configuration: Writer Group Definition Keyword is `MULTI_WRITER_DEF'
2019-06-28 15:31:05|   0.1|  0.0|INFORM|FME Configuration: Reader type is `MULTI_READER'
2019-06-28 15:31:05|   0.1|  0.0|INFORM|FME Configuration: Writer type is `MULTI_WRITER'
2019-06-28 15:31:05|   0.1|  0.0|INFORM|FME Configuration: No destination coordinate system set
2019-06-28 15:31:05|   0.1|  0.0|INFORM|FME Configuration: Current working folder is `/Users/mlinnane/Documents/GitHub/BCD-Architectural-Models/3D Print Data'
2019-06-28 15:31:05|   0.1|  0.0|INFORM|FME Configuration: Temporary folder is in the system location `/private/tmp'
2019-06-28 15:31:05|   0.1|  0.0|INFORM|FME Configuration: FME_HOME is `/Library/FME/2019.0/'
2019-06-28 15:31:05|   0.1|  0.0|INFORM|FME Configuration: FME_BASE is 'no'
2019-06-28 15:31:05|   0.1|  0.0|INFORM|FME Configuration: FME_MF_DIR is '/Users/mlinnane/Documents/GitHub/BCD-Architectural-Models/3D Print Data/'
2019-06-28 15:31:05|   0.1|  0.0|INFORM|FME Configuration: FME_MF_NAME is 'Print Data Manager 0.4.fmw'
2019-06-28 15:31:05|   0.1|  0.0|INFORM|FME Configuration: FME_PRODUCT_NAME is 'FME(R) 2019.0.1.0'
2019-06-28 15:31:05|   0.1|  0.0|INFORM|System Status: 12.59 TB of disk space available in the FME temporary folder (/private/tmp)
2019-06-28 15:31:05|   0.1|  0.0|INFORM|System Status: 17.00 GB of virtual memory available
2019-06-28 15:31:05|   0.1|  0.0|INFORM|Operating System: Mac OS X Version 10.14.5 (Build 18F203)
2019-06-28 15:31:05|   0.1|  0.0|INFORM|FME Platform: macosx
2019-06-28 15:31:05|   0.1|  0.0|INFORM|Locale: en_GB
2019-06-28 15:31:05|   0.1|  0.0|INFORM|FME Configuration: Process limit is 16.00 GB of physical memory
2019-06-28 15:31:05|   0.1|  0.0|INFORM|FME Configuration: Start freeing memory when process usage exceeds 15.83 GB of virtual memory
2019-06-28 15:31:05|   0.1|  0.0|INFORM|FME Configuration: Stop freeing memory when process usage is below 11.87 GB of virtual memory
2019-06-28 15:31:05|   0.1|  0.0|INFORM|Creating writer for format: 
2019-06-28 15:31:05|   0.1|  0.0|INFORM|Creating reader for format: 
2019-06-28 15:31:05|   0.1|  0.0|INFORM|MULTI_READER(MULTI_READER): Will fail with first member reader failure
2019-06-28 15:31:05|   0.1|  0.0|INFORM|MULTI_READER(MULTI_READER): Adding FILEGDB Reader with keyword FILEGDB_1
2019-06-28 15:31:05|   0.1|  0.0|INFORM|MULTI_READER(MULTI_READER): Adding LAS Reader with keyword LAS_1
2019-06-28 15:31:05|   0.1|  0.0|INFORM|MULTI_READER(MULTI_READER): Adding ESRISHAPE Reader with keyword ESRISHAPE_1
2019-06-28 15:31:05|   0.1|  0.0|INFORM|Using Multi Reader with keyword `MULTI_READER' to read multiple datasets
2019-06-28 15:31:05|   0.3|  0.2|INFORM|Creating reader for format: Esri Geodatabase (File Geodb Open API)
2019-06-28 15:31:05|   0.3|  0.0|INFORM|Trying to find a DYNAMIC plugin for reader named `FILEGDB'
2019-06-28 15:31:05|   0.3|  0.0|INFORM|DYLD_LIBRARY_PATH is '/Library/FME/2019.0'
2019-06-28 15:31:05|   0.3|  0.0|INFORM|Loaded module 'FILEGDB' from file '/Library/FME/2019.0//plugins/filegdb.so'
2019-06-28 15:31:05|   0.3|  0.0|INFORM|FME API version of module 'FILEGDB' matches current internal version (3.8 20181030)
2019-06-28 15:31:05|   0.3|  0.0|INFORM|FILEGDB reader: Building feature table
2019-06-28 15:31:05|   0.3|  0.0|INFORM|Using MultiWriter with keyword `MULTI_WRITER' to output data (ID_ATTRIBUTE is `multi_writer_id')
2019-06-28 15:31:05|   0.3|  0.0|INFORM|Writer output will be ordered by value of multi_writer_id
2019-06-28 15:31:05|   0.4|  0.0|INFORM|Loaded module 'LogCount_func' from file '/Library/FME/2019.0//plugins/logcount_func.so'
2019-06-28 15:31:05|   0.4|  0.0|INFORM|FME API version of module 'LogCount_func' matches current internal version (3.8 20181030)
2019-06-28 15:31:05|   0.4|  0.0|INFORM|Loaded module 'AttributeFilterFactory' from file '/Library/FME/2019.0//plugins/attributefilterfactory.so'
2019-06-28 15:31:05|   0.4|  0.0|INFORM|FME API version of module 'AttributeFilterFactory' matches current internal version (3.8 20181030)
2019-06-28 15:31:05|   0.4|  0.0|INFORM|Loaded module 'PointCloudEvaluationFactory' from file '/Library/FME/2019.0//plugins/pointcloudevaluationfactory.so'
2019-06-28 15:31:05|   0.4|  0.0|INFORM|FME API version of module 'PointCloudEvaluationFactory' matches current internal version (3.8 20181030)
2019-06-28 15:31:05|   0.5|  0.0|INFORM|Loaded module 'Geometry_func' from file '/Library/FME/2019.0//plugins/geometry_func.so'
2019-06-28 15:31:05|   0.5|  0.0|INFORM|FME API version of module 'Geometry_func' matches current internal version (3.8 20181030)
2019-06-28 15:31:05|   0.5|  0.0|INFORM|Loaded module 'RasterClippingFactory' from file '/Library/FME/2019.0//plugins/rasterclippingfactory.so'
2019-06-28 15:31:05|   0.5|  0.0|INFORM|FME API version of module 'RasterClippingFactory' matches current internal version (3.8 20181030)
2019-06-28 15:31:05|   0.5|  0.0|INFORM|Loaded module 'SolidIntersectionFactory' from file '/Library/FME/2019.0//plugins/solidintersectionfactory.so'
2019-06-28 15:31:05|   0.5|  0.0|INFORM|FME API version of module 'SolidIntersectionFactory' matches current internal version (3.8 20181030)
2019-06-28 15:31:05|   0.6|  0.0|INFORM|Loaded module 'CalculatePointCloudStatistics_func' from file '/Library/FME/2019.0//plugins/calculatepointcloudstatistics_func.so'
2019-06-28 15:31:05|   0.6|  0.0|INFORM|FME API version of module 'CalculatePointCloudStatistics_func' matches current internal version (3.8 20181030)
2019-06-28 15:31:05|   0.6|  0.0|INFORM|FME API version of module 'RasterClippingFactory' matches current internal version (3.8 20181030)
2019-06-28 15:31:05|   0.6|  0.0|INFORM|FME API version of module 'SolidIntersectionFactory' matches current internal version (3.8 20181030)
2019-06-28 15:31:05|   0.6|  0.0|INFORM|Loaded module 'InspectorFactory' from file '/Library/FME/2019.0//plugins/inspectorfactory.so'
2019-06-28 15:31:05|   0.6|  0.0|INFORM|FME API version of module 'InspectorFactory' matches current internal version (3.8 20181030)
2019-06-28 15:31:05|   0.7|  0.1|INFORM|The OGC definition of the FME coordinate system 'IRENET95.IrishTM' is 'PROJCS["IRENET95_IRISH_Transverse_Mercator",GEOGCS["GCS_IRENET95",DATUM["D_IRENET95",SPHEROID["GRS_1980",6378137.0,298.257222101]],PRIMEM["Greenwich",0.0],UNIT["Degree",0.0174532925199433]],PROJECTION["Transverse_Mercator"],PARAMETER["False_Easting",600000.0],PARAMETER["False_Northing",750000.0],PARAMETER["Central_Meridian",-8.0],PARAMETER["Scale_Factor",0.99982],PARAMETER["Latitude_Of_Origin",53.5],UNIT["Meter",1.0]]'
2019-06-28 15:31:05|   0.7|  0.0|INFORM|FME Configuration: Source coordinate system for reader FILEGDB_1[FILEGDB] set to `IRENET95.IrishTM' as read from input data
2019-06-28 15:31:05|   0.7|  0.0|INFORM|Coordinate System `IRENET95.IrishTM' parameters: CS_NAME=`IRENET95.IrishTM' DESC_NM=`IRENET95 / Irish Transverse Mercator' DT_NAME=`IRENET95' GROUP=`EUROPE' MAP_SCL=`1' MAX_LAT=`55.8' MAX_LNG=`-4.666666666666667' MIN_LAT=`50.916666666666664' MIN_LNG=`-11.266666666666667' ORG_LAT=`53.5' PARM1=`-8' PROJ=`TM' QUAD=`1' SCL_RED=`0.99982' SOURCE=`EPSG, V6.3, 2157 [Large and medium scale topographic mappi]' UNIT=`Meter' X_OFF=`600000' Y_OFF=`750000' ZERO_X=`0.0001' ZERO_Y=`0.0001' 
2019-06-28 15:31:07|   2.4|  1.7|STATS |Storing feature(s) to FME feature store file `/private/tmp/wb-cache-Print Data Manager 0.4-jQAPGv/Main_BuildingFootprints -1 4 -1  0  4883f8cb558a0629c3f63fbe30538b945619640d.ffsupdating'
2019-06-28 15:31:07|   2.4|  0.0|INFORM|FFS writer: Writing 46903 feature(s) to file '/private/tmp/wb-cache-Print Data Manager 0.4-jQAPGv/Main_BuildingFootprints -1 4 -1  0  4883f8cb558a0629c3f63fbe30538b945619640d.fts'
2019-06-28 15:31:07|   2.6|  0.2|INFORM|Spatial Index: Adding 46903 features
2019-06-28 15:31:08|   2.9|  0.3|INFORM|GeometryExtractor_Rejector (TestFactory): Splitting feature table
2019-06-28 15:31:08|   2.9|  0.0|STATS |Storing feature(s) to FME feature store file `/private/tmp/wb-cache-Print Data Manager 0.4-jQAPGv/Main_GeometryExtractor -1 14 fo 0 OUTPUT  0  a1a4025e56de80dea49bfc02dbd3b3c2892aeea0.ffsupdating'
2019-06-28 15:31:11|   5.7|  2.8|INFORM|Adding Clipper 46302
2019-06-28 15:31:11|   5.7|  0.1|INFORM|Creating reader for format: ASPRS Lidar Data Exchange Format (LAS)
2019-06-28 15:31:11|   5.7|  0.0|INFORM|Trying to find a DYNAMIC plugin for reader named `LAS'
2019-06-28 15:31:11|   5.7|  0.0|INFORM|FME Configuration: Source coordinate system for reader LAS_1[LAS] set to `EPSG:2157'
2019-06-28 15:31:11|   5.7|  0.0|INFORM|Coordinate System `EPSG:2157' parameters: CS_NAME=`IRENET95.IrishTM' DESC_NM=`IRENET95 / Irish Transverse Mercator' DT_NAME=`IRENET95' GROUP=`EUROPE' MAP_SCL=`1' MAX_LAT=`55.8' MAX_LNG=`-4.666666666666667' MIN_LAT=`50.916666666666664' MIN_LNG=`-11.266666666666667' ORG_LAT=`53.5' PARM1=`-8' PROJ=`TM' QUAD=`1' SCL_RED=`0.99982' SOURCE=`EPSG, V6.3, 2157 [Large and medium scale topographic mappi]' UNIT=`Meter' X_OFF=`600000' Y_OFF=`750000' ZERO_X=`0.0001' ZERO_Y=`0.0001' 
2019-06-28 15:31:11|   5.8|  0.0|INFORM|Loaded module 'LAS' from file '/Library/FME/2019.0//plugins/lidar_fme.so'
2019-06-28 15:31:11|   5.8|  0.0|INFORM|FME API version of module 'LAS' matches current internal version (3.8 20181030)
2019-06-28 15:31:11|   5.8|  0.0|STATS |Storing feature(s) to FME feature store file `/private/tmp/wb-cache-Print Data Manager 0.4-jQAPGv/Main_LAS -1 5 -1  0  b3ca12e81f1adbce095babd9cb1ed9da5b42df4e.ffsupdating'
2019-06-28 15:31:11|   5.8|  0.0|INFORM|FFS writer: Writing point cloud with 17231411 point(s) to file '/private/tmp/wb-cache-Print Data Manager 0.4-jQAPGv/Main_LAS -1 5 -1  0  b3ca12e81f1adbce095babd9cb1ed9da5b42df4e.fps'
2019-06-28 15:31:14|   9.2|  3.4|STATS |Storing feature(s) to FME feature store file `/private/tmp/wb-cache-Print Data Manager 0.4-jQAPGv/Main_PointCloudFilter -1 15 fo 0 Feature  0  a8bc23cb3714d82be236704363ffdd63fbf5bfe9.ffsupdating'
2019-06-28 15:31:14|   9.2|  0.0|INFORM|FFS writer: Writing point cloud with 7566508 point(s) to file '/private/tmp/wb-cache-Print Data Manager 0.4-jQAPGv/Main_PointCloudFilter -1 15 fo 0 Feature  0  a8bc23cb3714d82be236704363ffdd63fbf5bfe9.fps'
2019-06-28 15:31:15|   9.8|  0.6|STATS |Storing feature(s) to FME feature store file `/private/tmp/wb-cache-Print Data Manager 0.4-jQAPGv/Main_PointCloudFilter -1 15 fo 1 Ground  0  86c56e4fc7299eec8c19bec194f9ed711bcf14c2.ffsupdating'
2019-06-28 15:31:15|   9.8|  0.0|INFORM|FFS writer: Writing point cloud with 9664903 point(s) to file '/private/tmp/wb-cache-Print Data Manager 0.4-jQAPGv/Main_PointCloudFilter -1 15 fo 1 Ground  0  86c56e4fc7299eec8c19bec194f9ed711bcf14c2.fps'
2019-06-28 15:31:16|  10.6|  0.8|INFORM|Creating reader for format: Esri Shapefile
2019-06-28 15:31:16|  10.7|  0.0|INFORM|Using Shape Reader to read shape files from folder `/Users/mlinnane/OneDrive - Maynooth University/BCD/Architectural Model/Data/Grids/'
2019-06-28 15:31:16|  10.7|  0.0|INFORM|ESRISHAPE_1 Reader: Using enhanced geometry
2019-06-28 15:31:16|  10.7|  0.0|INFORM|Shape Reader: Using simple donut geometry detection
2019-06-28 15:31:16|  10.7|  0.0|INFORM|Shape Reader: Handling numeric types with standard integer and floating point types
2019-06-28 15:31:16|  10.7|  0.0|INFORM|Shape Reader: Allowing attribute names with mixed case
2019-06-28 15:31:16|  10.7|  0.0|INFORM|Opened Shape File '/Users/mlinnane/OneDrive - Maynooth University/BCD/Architectural Model/Data/Grids/DubGridTest.shp' for input
2019-06-28 15:31:16|  10.7|  0.0|INFORM|Opened DBF File '/Users/mlinnane/OneDrive - Maynooth University/BCD/Architectural Model/Data/Grids/DubGridTest.dbf' for input
2019-06-28 15:31:16|  10.7|  0.0|INFORM|DBF Reader: Detected character encoding `UTF-8'
2019-06-28 15:31:16|  10.7|  0.0|INFORM|DBF File '/Users/mlinnane/OneDrive - Maynooth University/BCD/Architectural Model/Data/Grids/DubGridTest.dbf' has fields: left double, top double, right double, bottom double, id long
2019-06-28 15:31:16|  10.7|  0.0|INFORM|Predefined coordinate system `IRENET95.IrishTM' (IRENET95 / Irish Transverse Mercator) matches dataset coordinate system 
2019-06-28 15:31:16|  10.7|  0.0|INFORM|The OGC definition of the FME coordinate system '_IRENET95.IrishTM_0' is 'PROJCS["IRENET95_Irish_Transverse_Mercator",GEOGCS["GCS_IRENET95",DATUM["D_IRENET95",SPHEROID["GRS_1980",6378137,298.257222101]],PRIMEM["Greenwich",0],UNIT["Degree",0.017453292519943295]],PROJECTION["Transverse_Mercator"],PARAMETER["latitude_of_origin",53.5],PARAMETER["central_meridian",-8],PARAMETER["scale_factor",0.99982],PARAMETER["false_easting",600000],PARAMETER["false_northing",750000],UNIT["Meter",1]]'
2019-06-28 15:31:16|  10.7|  0.0|INFORM|FME Configuration: Source coordinate system for reader ESRISHAPE_1[ESRISHAPE] set to `_IRENET95.IrishTM_0' as read from input data
2019-06-28 15:31:16|  10.7|  0.0|INFORM|Coordinate System `_IRENET95.IrishTM_0' parameters: CS_NAME=`_IRENET95.IrishTM_0' DESC_NM=`IRENET95 / Irish Transverse Mercator' DT_NAME=`IRENET95' ESRI_WKT=`PROJCS["IRENET95_Irish_Transverse_Mercator",GEOGCS["GCS_IRENET95",DATUM["D_IRENET95",SPHEROID["GRS_1980",6378137,298.257222101]],PRIMEM["Greenwich",0],UNIT["Degree",0.017453292519943295]],PROJECTION["Transverse_Mercator"],PARAMETER["latitude_of_origin",53.5],PARAMETER["central_meridian",-8],PARAMETER["scale_factor",0.99982],PARAMETER["false_easting",600000],PARAMETER["false_northing",750000],UNIT["Meter",1]]' GROUP=`EUROPE' MAP_SCL=`1' MAX_LAT=`55.8' MAX_LNG=`-4.666666666666667' MIN_LAT=`50.916666666666664' MIN_LNG=`-11.266666666666667' ORG_LAT=`53.5' PARM1=`-8' PROJ=`TM' QUAD=`1' SCL_RED=`0.99982' SOURCE=`EPSG, V6.3, 2157 [Large and medium scale topographic mappi]' UNIT=`Meter' X_OFF=`600000' Y_OFF=`750000' ZERO_X=`0.0001' ZERO_Y=`0.0001' 
2019-06-28 15:31:16|  10.7|  0.0|INFORM|Shape Reader: Bounding box of shapefile `/Users/mlinnane/OneDrive - Maynooth University/BCD/Architectural Model/Data/Grids/DUBGRIDTEST' is: (712581.6281316513,732277.830923688),(719931.6281316513,735777.830923688)
2019-06-28 15:31:16|  10.7|  0.0|INFORM|Shape Reader: Bounding box of shapefile(s) selected from folder `/Users/mlinnane/OneDrive - Maynooth University/BCD/Architectural Model/Data/Grids/' is: (712581.6281316513,732277.830923688),(719931.6281316513,735777.830923688)
2019-06-28 15:31:16|  10.7|  0.0|STATS |Storing feature(s) to FME feature store file `/private/tmp/wb-cache-Print Data Manager 0.4-jQAPGv/Main_DubGridTest -1 9 -1  0  cd957bef327188f18cb6d3cb2cb03cbddd20515f.ffsupdating'
2019-06-28 15:31:16|  10.7|  0.0|STATS |Storing feature(s) to FME feature store file `/private/tmp/wb-cache-Print Data Manager 0.4-jQAPGv/Main_gridIDFilter -1 25 fo 4 _lt_lt_gt_UNFILTERED_lt_gt_gt_  0  ba1db4d9692b92904a2c18442a3aa5f386b8efb8.ffsupdating'
2019-06-28 15:31:16|  10.7|  0.0|STATS |Storing feature(s) to FME feature store file `/private/tmp/wb-cache-Print Data Manager 0.4-jQAPGv/Main_gridIDFilter -1 25 fo 1 104  0  2b22d90742ddba8044deb90db00a73b1e0fca473.ffsupdating'
2019-06-28 15:31:16|  10.7|  0.0|INFORM|Adding Clipper 1
2019-06-28 15:31:16|  10.7|  0.0|STATS |Storing feature(s) to FME feature store file `/private/tmp/wb-cache-Print Data Manager 0.4-jQAPGv/Main_3DForcer_2 -1 92 fo 0 OUTPUT  0  6a990e7ecce6c4c7045276b76e3c568f03892e57.ffsupdating'
2019-06-28 15:31:16|  10.7|  0.0|STATS |Storing feature(s) to FME feature store file `/private/tmp/wb-cache-Print Data Manager 0.4-jQAPGv/Main_Extruder_2 -1 28 fo 0 EXTRUDED  0  9063fae9dbe41a8a26e47a7298a62d958a3f1c83.ffsupdating'
2019-06-28 15:31:16|  10.7|  0.0|STATS |Storing feature(s) to FME feature store file `/private/tmp/wb-inspectors-BvvRuN/inspector.ffs'
2019-06-28 15:31:16|  10.7|  0.0|INFORM|MULTI_READER(MULTI_READER): Done reading 47114 features from 3 readers
2019-06-28 15:31:16|  10.7|  0.0|INFORM|Emptying factory pipeline
2019-06-28 15:31:16|  10.7|  0.0|STATS |Router and Unexpected Input Remover (RoutingFactory): Tested 47114 input feature(s), wrote 47114 output feature(s): 47114 matched merge filters, 47114 were routed to output, 0 could not be routed.
2019-06-28 15:31:16|  10.7|  0.0|STATS |Unexpected Input Remover Nuker (TeeFactory): Cloned 0 input feature(s) into 0 output feature(s)
2019-06-28 15:31:16|  10.7|  0.0|STATS |BuildingFootprints (FILEGDB_1) Splitter (TeeFactory): Cloned 46903 input feature(s) into 46903 output feature(s)
2019-06-28 15:31:16|  10.7|  0.0|STATS |BuildingFootprints_FILEGDB_1 Feature Counter -1 29 (TeeFactory): Cloned 46903 input feature(s) into 46903 output feature(s)
2019-06-28 15:31:16|  10.7|  0.0|STATS |LAS (LAS_1) Splitter (TeeFactory): Cloned 1 input feature(s) into 1 output feature(s)
2019-06-28 15:31:16|  10.7|  0.0|STATS |LAS_LAS_1 Feature Counter -1 30 (TeeFactory): Cloned 1 input feature(s) into 1 output feature(s)
2019-06-28 15:31:16|  10.7|  0.0|STATS |DubGridTest (ESRISHAPE_1) Splitter (TeeFactory): Cloned 210 input feature(s) into 210 output feature(s)
2019-06-28 15:31:16|  10.7|  0.0|STATS |DubGridTest_ESRISHAPE_1 Feature Counter -1 32 (TeeFactory): Cloned 210 input feature(s) into 210 output feature(s)
2019-06-28 15:31:16|  10.7|  0.0|STATS |gridIDFilter (TeeFactory): Cloned 210 input feature(s) into 210 output feature(s)
2019-06-28 15:31:16|  10.7|  0.0|STATS |gridIDFilter 104 Splitter (TeeFactory): Cloned 1 input feature(s) into 2 output feature(s)
2019-06-28 15:31:16|  10.7|  0.0|STATS |gridIDFilter_<lt>EMPTY<gt> Feature Counter -1 2147614745 (TeeFactory): Cloned 0 input feature(s) into 0 output feature(s)
2019-06-28 15:31:16|  10.7|  0.0|STATS |gridIDFilter_104_0_mnf6aJsh9Yg= Feature Counter -1 69 (TeeFactory): Cloned 1 input feature(s) into 1 output feature(s)
2019-06-28 15:31:16|  10.7|  0.0|STATS |gridIDFilter_104_1_q70+Q3G2KOU= Feature Counter -1 71 (TeeFactory): Cloned 1 input feature(s) into 1 output feature(s)
2019-06-28 15:31:16|  10.7|  0.0|STATS |gridIDFilter_<lt>MISSING<gt> Feature Counter -1 2147745817 (TeeFactory): Cloned 0 input feature(s) into 0 output feature(s)
2019-06-28 15:31:16|  10.7|  0.0|STATS |gridIDFilter_<lt>NULL<gt> Feature Counter -1 2147811353 (TeeFactory): Cloned 0 input feature(s) into 0 output feature(s)
2019-06-28 15:31:16|  10.7|  0.0|STATS |gridIDFilter_<lt>UNFILTERED<gt> Feature Counter -1 2147876889 (TeeFactory): Cloned 209 input feature(s) into 0 output feature(s)
2019-06-28 15:31:16|  10.7|  0.0|STATS |3DForcer_2 (TeeFactory): Cloned 1 input feature(s) into 1 output feature(s)
2019-06-28 15:31:16|  10.7|  0.0|STATS |3DForcer_2_Rejector (TestFactory): Tested 1 input feature(s) -- 0 feature(s) passed and 1 feature(s) failed
2019-06-28 15:31:16|  10.7|  0.0|STATS |3DForcer_2_OUTPUT Feature Counter -1 93 (TeeFactory): Cloned 1 input feature(s) into 1 output feature(s)
2019-06-28 15:31:16|  10.7|  0.0|STATS |3DForcer_2_<REJECTED> Feature Counter -1 2147680348 (TeeFactory): Cloned 0 input feature(s) into 0 output feature(s)
2019-06-28 15:31:16|  10.7|  0.0|STATS |3DForcer_2_<Rejected> (TeeFactory): Cloned 0 input feature(s) into 0 output feature(s)
2019-06-28 15:31:16|  10.7|  0.0|STATS |Extruder_2 (TeeFactory): Cloned 1 input feature(s) into 1 output feature(s)
2019-06-28 15:31:16|  10.7|  0.0|STATS |Extruder_2_Rejector (TestFactory): Tested 1 input feature(s) -- 1 feature(s) passed and 0 feature(s) failed
2019-06-28 15:31:16|  10.7|  0.0|STATS |Extruder_2_EXTRUDED Feature Counter -1 51 (TeeFactory): Cloned 1 input feature(s) into 1 output feature(s)
2019-06-28 15:31:16|  10.7|  0.0|STATS |Extruder_2_<REJECTED> Feature Counter -1 2147680284 (TeeFactory): Cloned 0 input feature(s) into 0 output feature(s)
2019-06-28 15:31:16|  10.7|  0.0|STATS |Extruder_2_<Rejected> (TeeFactory): Cloned 0 input feature(s) into 0 output feature(s)
2019-06-28 15:31:16|  10.7|  0.0|STATS |PointCloudFilter_TestFactory_0 (TestFactory): Tested 2 input feature(s) -- 1 feature(s) passed and 1 feature(s) failed
2019-06-28 15:31:16|  10.7|  0.0|STATS |PointCloudFilter_TestFactory_1 (TestFactory): Tested 1 input feature(s) -- 1 feature(s) passed and 0 feature(s) failed
2019-06-28 15:31:16|  10.7|  0.0|STATS |PointCloudFilter_UNFILTERED (TeeFactory): Cloned 0 input feature(s) into 0 output feature(s)
2019-06-28 15:31:16|  10.7|  0.0|STATS |PointCloudFilter_Feature Feature Counter -1 43 (TeeFactory): Cloned 1 input feature(s) into 1 output feature(s)
2019-06-28 15:31:16|  10.7|  0.0|STATS |PointCloudFilter_Ground Feature Counter -1 2147680271 (TeeFactory): Cloned 1 input feature(s) into 0 output feature(s)
2019-06-28 15:31:16|  10.7|  0.0|STATS |PointCloudFilter_<UNFILTERED> Feature Counter -1 2147745807 (TeeFactory): Cloned 0 input feature(s) into 0 output feature(s)
2019-06-28 15:31:16|  10.7|  0.0|STATS |PointCloudFilter_<REJECTED> Feature Counter -1 2147811343 (TeeFactory): Cloned 0 input feature(s) into 0 output feature(s)
2019-06-28 15:31:16|  10.7|  0.0|STATS |PointCloudFilter_<Rejected> (TeeFactory): Cloned 0 input feature(s) into 0 output feature(s)
2019-06-28 15:31:16|  10.7|  0.0|STATS |GeometryExtractor (TeeFactory): Cloned 46903 input feature(s) into 46903 output feature(s)
2019-06-28 15:31:16|  10.7|  0.0|STATS |GeometryExtractor_Rejector (TestFactory): Tested 46903 input feature(s) -- 0 feature(s) passed and 46903 feature(s) failed
2019-06-28 15:31:16|  10.7|  0.0|STATS |GeometryExtractor_OUTPUT Feature Counter -1 78 (TeeFactory): Cloned 46903 input feature(s) into 46903 output feature(s)
2019-06-28 15:31:16|  10.7|  0.0|STATS |GeometryExtractor_<REJECTED> Feature Counter -1 2147680270 (TeeFactory): Cloned 0 input feature(s) into 0 output feature(s)
2019-06-28 15:31:16|  10.7|  0.0|STATS |GeometryExtractor_<Rejected> (TeeFactory): Cloned 0 input feature(s) into 0 output feature(s)
2019-06-28 15:31:16|  10.7|  0.0|STATS |Clipper_ClipperCloner (TeeFactory): Cloned 46903 input feature(s) into 93806 output feature(s)
2019-06-28 15:31:16|  10.7|  0.0|STATS |Clipper_SolidClipperFilter (TestFactory): Tested 46903 input feature(s) -- 0 feature(s) passed and 46903 feature(s) failed
2019-06-28 15:31:16|  10.7|  0.0|STATS |Clipper_ClippeeFilter (TestFactory): Tested 1 input feature(s) -- 0 feature(s) passed and 1 feature(s) failed
2019-06-28 15:31:16|  10.8|  0.1|INFORM|Clipper_Vector (ClippingFactory): Clipping with an automatic tolerance of 1.4722553900000014e-9
2019-06-28 15:31:21|  15.9|  5.1|INFORM|Point Cloud Clipping: Clipped 20000 of 7566508 points
2019-06-28 15:31:26|  20.8|  4.9|INFORM|Point Cloud Clipping: Clipped 40000 of 7566508 points
2019-06-28 15:31:32|  25.8|  5.0|INFORM|Point Cloud Clipping: Clipped 60000 of 7566508 points
2019-06-28 15:31:39|  30.9|  5.1|INFORM|Point Cloud Clipping: Clipped 80000 of 7566508 points
2019-06-28 15:31:46|  36.1|  5.2|INFORM|Point Cloud Clipping: Clipped 100000 of 7566508 points
2019-06-28 15:31:52|  41.2|  5.2|INFORM|Point Cloud Clipping: Clipped 120000 of 7566508 points
2019-06-28 15:31:58|  46.3|  5.0|INFORM|Point Cloud Clipping: Clipped 140000 of 7566508 points
2019-06-28 15:32:04|  51.3|  5.0|INFORM|Point Cloud Clipping: Clipped 160000 of 7566508 points
2019-06-28 15:32:10|  56.4|  5.1|INFORM|Point Cloud Clipping: Clipped 180000 of 7566508 points
2019-06-28 15:32:17|  61.5|  5.1|INFORM|Point Cloud Clipping: Clipped 200000 of 7566508 points
2019-06-28 15:32:24|  66.7|  5.2|INFORM|Point Cloud Clipping: Clipped 220000 of 7566508 points
2019-06-28 15:32:31|  72.0|  5.2|INFORM|Point Cloud Clipping: Clipped 240000 of 7566508 points
2019-06-28 15:32:38|  77.2|  5.2|INFORM|Point Cloud Clipping: Clipped 260000 of 7566508 points
2019-06-28 15:32:44|  82.3|  5.1|INFORM|Point Cloud Clipping: Clipped 280000 of 7566508 points
2019-06-28 15:32:50|  87.4|  5.1|INFORM|Point Cloud Clipping: Clipped 300000 of 7566508 points
2019-06-28 15:32:58|  93.0|  5.6|INFORM|Point Cloud Clipping: Clipped 320000 of 7566508 points
2019-06-28 15:33:06|  98.5|  5.4|INFORM|Point Cloud Clipping: Clipped 340000 of 7566508 points
2019-06-28 15:33:12| 103.7|  5.2|INFORM|Point Cloud Clipping: Clipped 360000 of 7566508 points
2019-06-28 15:33:19| 108.9|  5.3|INFORM|Point Cloud Clipping: Clipped 380000 of 7566508 points
2019-06-28 15:33:25| 114.1|  5.2|INFORM|Point Cloud Clipping: Clipped 400000 of 7566508 points
2019-06-28 15:33:31| 119.3|  5.2|INFORM|Point Cloud Clipping: Clipped 420000 of 7566508 points
2019-06-28 15:33:37| 124.5|  5.2|INFORM|Point Cloud Clipping: Clipped 440000 of 7566508 points
2019-06-28 15:33:44| 129.8|  5.3|INFORM|Point Cloud Clipping: Clipped 460000 of 7566508 points
2019-06-28 15:33:50| 135.0|  5.2|INFORM|Point Cloud Clipping: Clipped 480000 of 7566508 points
2019-06-28 15:33:56| 140.1|  5.1|INFORM|Point Cloud Clipping: Clipped 500000 of 7566508 points
2019-06-28 15:34:02| 145.3|  5.2|INFORM|Point Cloud Clipping: Clipped 520000 of 7566508 points
2019-06-28 15:34:08| 150.5|  5.2|INFORM|Point Cloud Clipping: Clipped 540000 of 7566508 points
2019-06-28 15:34:14| 155.7|  5.2|INFORM|Point Cloud Clipping: Clipped 560000 of 7566508 points
2019-06-28 15:34:20| 160.9|  5.2|INFORM|Point Cloud Clipping: Clipped 580000 of 7566508 points
2019-06-28 15:34:26| 166.1|  5.3|INFORM|Point Cloud Clipping: Clipped 600000 of 7566508 points
2019-06-28 15:34:31| 171.3|  5.2|INFORM|Point Cloud Clipping: Clipped 620000 of 7566508 points
2019-06-28 15:34:37| 176.5|  5.2|INFORM|Point Cloud Clipping: Clipped 640000 of 7566508 points
2019-06-28 15:34:43| 181.8|  5.3|INFORM|Point Cloud Clipping: Clipped 660000 of 7566508 points
2019-06-28 15:34:49| 187.0|  5.2|INFORM|Point Cloud Clipping: Clipped 680000 of 7566508 points
2019-06-28 15:34:55| 192.2|  5.2|INFORM|Point Cloud Clipping: Clipped 700000 of 7566508 points
2019-06-28 15:35:01| 197.4|  5.2|INFORM|Point Cloud Clipping: Clipped 720000 of 7566508 points
2019-06-28 15:35:06| 202.5|  5.2|INFORM|Point Cloud Clipping: Clipped 740000 of 7566508 points
2019-06-28 15:35:12| 207.7|  5.2|INFORM|Point Cloud Clipping: Clipped 760000 of 7566508 points
2019-06-28 15:35:18| 212.8|  5.1|INFORM|Point Cloud Clipping: Clipped 780000 of 7566508 points
2019-06-28 15:35:23| 217.9|  5.1|INFORM|Point Cloud Clipping: Clipped 800000 of 7566508 points
2019-06-28 15:35:29| 223.3|  5.4|INFORM|Point Cloud Clipping: Clipped 820000 of 7566508 points
2019-06-28 15:35:35| 228.4|  5.1|INFORM|Point Cloud Clipping: Clipped 840000 of 7566508 points
2019-06-28 15:35:41| 233.7|  5.3|INFORM|Point Cloud Clipping: Clipped 860000 of 7566508 points
2019-06-28 15:35:47| 239.0|  5.3|INFORM|Point Cloud Clipping: Clipped 880000 of 7566508 points
2019-06-28 15:35:53| 244.3|  5.3|INFORM|Point Cloud Clipping: Clipped 900000 of 7566508 points
2019-06-28 15:35:59| 249.5|  5.2|INFORM|Point Cloud Clipping: Clipped 920000 of 7566508 points
2019-06-28 15:36:06| 254.8|  5.3|INFORM|Point Cloud Clipping: Clipped 940000 of 7566508 points
2019-06-28 15:36:12| 260.1|  5.3|INFORM|Point Cloud Clipping: Clipped 960000 of 7566508 points
2019-06-28 15:36:18| 265.3|  5.2|INFORM|Point Cloud Clipping: Clipped 980000 of 7566508 points
2019-06-28 15:36:24| 270.4|  5.1|INFORM|Point Cloud Clipping: Clipped 1000000 of 7566508 points
2019-06-28 15:36:30| 275.4|  5.1|INFORM|Point Cloud Clipping: Clipped 1020000 of 7566508 points
2019-06-28 15:36:36| 280.6|  5.2|INFORM|Point Cloud Clipping: Clipped 1040000 of 7566508 points
2019-06-28 15:36:42| 286.0|  5.4|INFORM|Point Cloud Clipping: Clipped 1060000 of 7566508 points
2019-06-28 15:36:48| 291.1|  5.1|INFORM|Point Cloud Clipping: Clipped 1080000 of 7566508 points
2019-06-28 15:36:54| 296.2|  5.2|INFORM|Point Cloud Clipping: Clipped 1100000 of 7566508 points
2019-06-28 15:37:00| 301.3|  5.1|INFORM|Point Cloud Clipping: Clipped 1120000 of 7566508 points
2019-06-28 15:37:06| 306.3|  5.0|INFORM|Point Cloud Clipping: Clipped 1140000 of 7566508 points
2019-06-28 15:37:11| 311.3|  5.0|INFORM|Point Cloud Clipping: Clipped 1160000 of 7566508 points
2019-06-28 15:37:17| 316.3|  5.0|INFORM|Point Cloud Clipping: Clipped 1180000 of 7566508 points
2019-06-28 15:37:22| 321.4|  5.0|INFORM|Point Cloud Clipping: Clipped 1200000 of 7566508 points
2019-06-28 15:37:28| 326.3|  5.0|INFORM|Point Cloud Clipping: Clipped 1220000 of 7566508 points
2019-06-28 15:37:33| 331.3|  5.0|INFORM|Point Cloud Clipping: Clipped 1240000 of 7566508 points
2019-06-28 15:37:38| 336.3|  4.9|INFORM|Point Cloud Clipping: Clipped 1260000 of 7566508 points
2019-06-28 15:37:43| 341.2|  5.0|INFORM|Point Cloud Clipping: Clipped 1280000 of 7566508 points
2019-06-28 15:37:49| 346.2|  5.0|INFORM|Point Cloud Clipping: Clipped 1300000 of 7566508 points
2019-06-28 15:37:54| 351.2|  5.0|INFORM|Point Cloud Clipping: Clipped 1320000 of 7566508 points
2019-06-28 15:38:00| 356.2|  4.9|INFORM|Point Cloud Clipping: Clipped 1340000 of 7566508 points
2019-06-28 15:38:05| 361.1|  5.0|INFORM|Point Cloud Clipping: Clipped 1360000 of 7566508 points
